16 Fact or Fiction
13 Windswept Heath
13 Verdant Catacombs
13 Sylvan Primordial
13 Sulfuric Vortex
13 Polluted Delta
13 Misty Rainforest
13 Marsh Flats
13 Flooded Strand
12 Wooded Foothills
12 Watery Grave
12 Terastodon
12 Temple Garden
12 Swords to Plowshares
12 Scalding Tarn
12 Purphoros, God of the Forge
12 Overgrown Tomb
12 Oblivion Ring
12 Hallowed Fountain
12 Godless Shrine
12 Eternal Witness
12 Breeding Pool
12 Bloodstained Mire
12 Arid Mesa
12 Acidic Slime
11 Young Pyromancer
11 Sun Titan
11 Stomping Ground
11 Steam Vents
11 Scavenging Ooze
11 Sakura-Tribe Elder
11 Sacred Foundry
11 Reclamation Sage
11 Phyrexian Metamorph
11 Path to Exile
11 Edric, Spymaster of Trest
11 Cyclonic Rift
11 Chromatic Lantern
11 Blood Crypt
11 Blind Obedience
10 Wrath of God
10 Vampire Nighthawk
10 Tragic Slip
10 Ophiomancer
10 Hero of Bladehold
10 Guttersnipe
10 Grave Titan
10 Fleshbag Marauder
10 Flametongue Kavu
10 Evolving Wilds
10 Counterspell
10 Cogwork Librarian
10 Clever Impersonator
10 Captain of the Watch
10 Brimaz, King of Oreskos
10 Birds of Paradise
 9 Yavimaya Elder
 9 Wurmcoil Engine
 9 Wheel of Fortune
 9 Volcanic Island
 9 Underground Sea
 9 Tundra
 9 Tropical Island
 9 Thragtusk
 9 Terramorphic Expanse
 9 Taurean Mauler
 9 Taiga
 9 Spear of Heliod
 9 Sepulchral Primordial
 9 Scrubland
 9 Savannah
 9 Prophet of Kruphix
 9 Plateau
 9 Pernicious Deed
 9 Paliano, the High City
 9 Mulldrifter
 9 Inferno Titan
 9 Hydra Omnivore
 9 Hellrider
 9 Gray Merchant of Asphodel
 9 Glen Elendra Archmage
 9 Garruk Wildspeaker
 9 Deathrite Shaman
 9 Dack Fayden
 9 Control Magic
 9 Bloodghast
 9 Blood Artist
 9 Bayou
 9 Badlands
 9 Arcane Denial
 8 Zealous Conscripts
 8 Wild Ricochet
 8 Thassa, God of the Sea
 8 Sylvan Caryatid
 8 Sudden Spoiling
 8 Sol Ring
 8 Solemn Simulacrum
 8 Smallpox
 8 Skullclamp
 8 Siege-Gang Commander
 8 Shriekmaw
 8 Sheoldred, Whispering One
 8 Rhystic Study
 8 Restoration Angel
 8 Recurring Nightmare
 8 Propaganda
 8 Ponder
 8 Necromancy
 8 Mimic Vat
 8 Martial Coup
 8 Luminarch Ascension
 8 Lightning Bolt
 8 Kokusho, the Evening Star
 8 Hero's Downfall
 8 Goblin Rabblemaster
 8 Forgotten Ancient
 8 Feldon of the Third Path
 8 Exsanguinate
 8 Elixir of Immortality
 8 Elesh Norn, Grand Cenobite
 8 Dreadbore
 8 Diluvian Primordial
 8 Courser of Kruphix
 8 Consecrated Sphinx
 8 Bribery
 8 Beast Within
 8 Austere Command
 8 Assemble the Legion
 8 Animate Dead
 7 Woodfall Primus
 7 Windfall
 7 Voice of Resurgence
 7 Venser, the Sojourner
 7 Ulvenwald Tracker
 7 Toxic Deluge
 7 Thran Dynamo
 7 Tamiyo, the Moon Sage
 7 Suture Priest
 7 Sunblast Angel
 7 Stinkweed Imp
 7 Spellskite
 7 Soul Warden
 7 Snapcaster Mage
 7 Rite of Replication
 7 Reassembling Skeleton
 7 Reanimate
 7 Rampaging Baloths
 7 Primeval Titan
 7 Phantasmal Image
 7 Pack Rat
 7 Nighthowler
 7 Myr Battlesphere
 7 Mother of Runes
 7 Molten Primordial
 7 Mirror Entity
 7 Mentor of the Meek
 7 Magister of Worth
 7 Living Death
 7 Liliana of the Veil
 7 Lightning Greaves
 7 Kiora, the Crashing Wave
 7 Innocent Blood
 7 Huntmaster of the Fells
 7 Griselbrand
 7 Go for the Throat
 7 Gilded Drake
 7 Ghostly Prison
 7 Fiend Hunter
 7 Elspeth, Sun's Champion
 7 Dragonmaster Outcast
 7 Demonic Tutor
 7 Debt to the Deathless
 7 Damnation
 7 Dack's Duplicate
 7 Cryptic Command
 7 Council's Judgment
 7 Cloudgoat Ranger
 7 Brainstorm
 7 Braids, Cabal Minion
 7 Blasphemous Act
 7 Benevolent Offering
 7 Batterskull
 7 Bane of Progress
 7 Balance
 6 Woodland Cemetery
 6 Wight of Precinct Six
 6 Wickerbough Elder
 6 Victimize
 6 Viashino Heretic
 6 Vampire Hexmage
 6 Urabrask the Hidden
 6 Treasure Cruise
 6 Thalia, Guardian of Thraben
 6 Tangle Wire
 6 Talrand, Sky Summoner
 6 Syndic of Tithes
 6 Sword of War and Peace
 6 Survival of the Fittest
 6 Supreme Verdict
 6 Sunpetal Grove
 6 Sulfur Falls
 6 Stuffy Doll
 6 Stormbreath Dragon
 6 Stoneforge Mystic
 6 Steel Hellkite
 6 Split Decision
 6 Sneak Attack
 6 Scourge of Geier Reach
 6 Ruric Thar, the Unbowed
 6 Rout
 6 Rootbound Crag
 6 Reveillark
 6 Reflecting Pool
 6 Rancor
 6 Progenitor Mimic
 6 Overrun
 6 Ogre Battledriver
 6 Oblation
 6 Murderous Cut
 6 Mizzium Mortars
 6 Mirari's Wake
 6 Mass Mutiny
 6 Maelstrom Pulse
 6 Lotus Cobra
 6 Lingering Souls
 6 Land Tax
 6 Kira, Great Glass-Spinner
 6 Karmic Guide
 6 Jace Beleren
 6 Isolated Chapel
 6 Insurrection
 6 Humble Defector
 6 Hornet Queen
 6 Hordeling Outburst
 6 Hinterland Harbor
 6 Green Sun's Zenith
 6 Greater Gargadon
 6 Goblin Welder
 6 Goblin Bombardment
 6 Glacial Fortress
 6 Gilded Lotus
 6 Gideon's Avenger
 6 Genesis Hydra
 6 Geist-Honored Monk
 6 Gamekeeper
 6 Faithless Looting
 6 Exotic Orchard
 6 Exhume
 6 Elspeth, Knight-Errant
 6 Drowned Catacomb
 6 Dragonskull Summit
 6 Dig Through Time
 6 Decimate
 6 Deathreap Ritual
 6 Cultivate
 6 Crypt Ghast
 6 Comet Storm
 6 Clifftop Retreat
 6 Chaos Warp
 6 Brimstone Volley
 6 Boros Reckoner
 6 Boros Charm
 6 Bident of Thassa
 6 Banisher Priest
 6 Baleful Strix
 6 Backup Plan
 6 Avenger of Zendikar
 6 Avatar of Woe
 6 Arcbond
 6 Abyssal Persecutor
 5 Xenagos, the Reveler
 5 Worn Powerstone
 5 Wolfbriar Elemental
 5 Whip of Erebos
 5 Weathered Wayfarer
 5 Wasteland
 5 Vindicate
 5 Venser, Shaper Savant
 5 Vandalblast
 5 Valorous Stance
 5 Unexpected Potential
 5 Unburial Rites
 5 Tyrant's Choice
 5 Trygon Predator
 5 Treachery
 5 Trading Post
 5 Trade Secrets
 5 Tempt with Vengeance
 5 Syphon Mind
 5 Sylvan Library
 5 Sword of Fire and Ice
 5 Sun Droplet
 5 Strip Mine
 5 Stormtide Leviathan
 5 Sphinx of Uthuun
 5 Spectral Procession
 5 Spawnwrithe
 5 Sorin, Lord of Innistrad
 5 Song of the Dryads
 5 Show and Tell
 5 Serene Master
 5 Scab-Clan Berserker
 5 Remand
 5 Ral Zarek
 5 Rakdos Signet
 5 Psychosis Crawler
 5 Preordain
 5 Polukranos, World Eater
 5 Platinum Angel
 5 Phyrexian Arena
 5 Opposition
 5 Olivia Voldaren
 5 Ob Nixilis of the Black Oath
 5 Nightveil Specter
 5 Nevinyrral's Disk
 5 Mystic Snake
 5 Murderous Redcap
 5 Mogis, God of Slaughter
 5 Mogg War Marshal
 5 Mindslaver
 5 Man-o'-War
 5 Managorger Hydra
 5 Mana Drain
 5 Malicious Affliction
 5 Life from the Loam
 5 Kitchen Finks
 5 Kiki-Jiki, Mirror Breaker
 5 Kessig Wolf Run
 5 Kazuul, Tyrant of the Cliffs
 5 Jace's Archivist
 5 Izzet Signet
 5 Imposing Sovereign
 5 Hunted Phantasm
 5 Heartwood Storyteller
 5 Harmonize
 5 Hammer of Purphoros
 5 Hallowed Spiritkeeper
 5 Grim Lavamancer
 5 Grand Arbiter Augustin IV
 5 Gemstone Mine
 5 Frantic Search
 5 Flesh Carver
 5 Fellwar Stone
 5 Fauna Shaman
 5 Far // Away
 5 Fanatic of Mogis
 5 Expedition Map
 5 Evolutionary Leap
 5 Epochrasite
 5 Enlightened Tutor
 5 Emeria Angel
 5 Elvish Mystic
 5 Dimir Signet
 5 Dictate of Karametra
 5 Dictate of Heliod
 5 Dictate of Erebos
 5 Desertion
 5 Deathrender
 5 Deal Broker
 5 Day of Judgment
 5 Dakra Mystic
 5 Curse of the Swine
 5 Crystal Shard
 5 Craterhoof Behemoth
 5 Consuming Aberration
 5 Congregate
 5 Coalition Relic
 5 Citadel Siege
 5 Chasm Skulker
 5 Chandra, the Firebrand
 5 Canal Dredger
 5 Burnished Hart
 5 Buried Alive
 5 Bonfire of the Damned
 5 Bonesplitter
 5 Bloodsoaked Champion
 5 Bloodgift Demon
 5 Bloodchief Ascension
 5 Bloodbraid Elf
 5 Blatant Thievery
 5 Blade Splicer
 5 Black Sun's Zenith
 5 Beacon of Unrest
 5 Basilisk Collar
 5 Banishing Light
 5 Azorius Signet
 5 Ashling the Pilgrim
 5 Archfiend of Depravity
 5 Archangel of Thune
 5 Akroan Horse
 5 Ajani Steadfast
 5 Aegis of the Gods
 4 Xathrid Gorgon
 4 Witch Hunt
 4 Wingmate Roc
 4 Wildfire
 4 Wall of Omens
 4 Vraska the Unseen
 4 Vow of Duty
 4 Volcanic Offering
 4 Void Stalker
 4 Verdant Force
 4 Vendilion Clique
 4 Vedalken Shackles
 4 Vedalken Orrery
 4 Urborg, Tomb of Yawgmoth
 4 Upheaval
 4 Umezawa's Jitte
 4 Turn // Burn
 4 Tormenting Voice
 4 Torch Fiend
 4 Tinker
 4 Time Warp
 4 Timely Reinforcements
 4 Thrull Parasite
 4 Teferi, Mage of Zhalfir
 4 Tasigur, the Golden Fang
 4 Tarmogoyf
 4 Sword of the Animist
 4 Sword of Light and Shadow
 4 Sword of Feast and Famine
 4 Sword of Body and Mind
 4 Sundering Titan
 4 Standstill
 4 Sphinx of the Steel Wind
 4 Soul's Attendant
 4 Soul of Theros
 4 Somberwald Sage
 4 Slagstorm
 4 Silverblade Paladin
 4 Silent Arbiter
 4 Sigarda, Host of Herons
 4 Selesnya Signet
 4 See the Unwritten
 4 Seedborn Muse
 4 Scourge of the Throne
 4 Rousing of Souls
 4 Rolling Earthquake
 4 Rogue's Passage
 4 Reign of the Pit
 4 Regrowth
 4 Reef Worm
 4 Rapacious One
 4 Qasali Pridemage
 4 Pyrewild Shaman
 4 Puppeteer Clique
 4 Profane Command
 4 Prison Term
 4 Predator's Howl
 4 Predator Ooze
 4 Precursor Golem
 4 Possibility Storm
 4 Pharika, God of Affliction
 4 Pestilence
 4 Pelakka Wurm
 4 Palace Siege
 4 Orzhov Signet
 4 Oracle of Mul Daya
 4 Oblivion Stone
 4 Nykthos, Shrine to Nyx
 4 Negate
 4 Natural Order
 4 Myth Realized
 4 Mystical Tutor
 4 Mox Sapphire
 4 Mox Ruby
 4 Mox Pearl
 4 Mox Jet
 4 Mox Emerald
 4 Monastery Mentor
 4 Mobilization
 4 Mishra's Factory
 4 Mind Stone
 4 Mikaeus, the Lunarch
 4 Merciless Executioner
 4 Merciless Eviction
 4 Maze of Ith
 4 Master Transmuter
 4 Mana Vault
 4 Mana Leak
 4 Mana Confluence
 4 Madcap Skills
 4 Liliana's Specter
 4 Liliana, Heretical Healer
 4 Lightning Reaver
 4 Krenko, Mob Boss
 4 Kodama's Reach
 4 Killing Wave
 4 Kessig Cagebreakers
 4 Keiga, the Tide Star
 4 Juniper Order Ranger
 4 Jarad, Golgari Lich Lord
 4 Isperia, Supreme Judge
 4 Isochron Scepter
 4 Intangible Virtue
 4 Inkwell Leviathan
 4 Impact Tremors
 4 Illusionist's Gambit
 4 Hypnotic Specter
 4 Hushwing Gryff
 4 Hunted Troll
 4 Hero of Oxid Ridge
 4 Harness by Force
 4 Gruul Signet
 4 Grim Monolith
 4 Grave Pact
 4 Grafted Wargear
 4 Gifts Ungiven
 4 Ghoulcaller Gisa
 4 Ghor-Clan Rampager
 4 Genesis Wave
 4 Genesis
 4 Generator Servant
 4 Frost Titan
 4 Flickerwisp
 4 Flame Rift
 4 Fate Unraveler
 4 Farseek
 4 Falkenrath Noble
 4 Falkenrath Aristocrat
 4 Faith's Fetters
 4 Extract from Darkness
 4 Entomb
 4 Empty the Warrens
 4 Eidolon of the Great Revel
 4 Earthquake
 4 Dualcaster Mage
 4 Drown in Sorrow
 4 Drana, Kalastria Bloodchief
 4 Doubling Season
 4 Double Stroke
 4 Dimir Doppelganger
 4 Dictate of Kruphix
 4 Desecration Demon
 4 Defense of the Heart
 4 Deep-Sea Kraken
 4 Debtors' Knell
 4 Deadeye Navigator
 4 Daretti, Scrap Savant
 4 Custodi Soulbinders
 4 Condemn
 4 Comeuppance
 4 City of Brass
 4 Chain Reaction
 4 Capsize
 4 Brutal Hordechief
 4 Bow of Nylea
 4 Boros Signet
 4 Bone Shredder
 4 Bonehoard
 4 Blood Seeker
 4 Bloodline Keeper
 4 Black Lotus
 4 Barter in Blood
 4 Awakening Zone
 4 Attrition
 4 Assault Suit
 4 Archetype of Imagination
 4 Archetype of Aggression
 4 Arbor Elf
 4 Angelic Destiny
 4 Ancient Tomb
 4 Altar Of Dementia
 4 Alesha, Who Smiles at Death
 4 Agent of Acquisitions
 4 Aether Searcher
 4 Act of Authority
 4 Academy Ruins
 4 Academy Rector
 3 Zulaport Cutthroat
 3 Zo-Zu the Punisher
 3 Yawgmoth's Will
 3 Xenagos, God of Revels
 3 Worldly Tutor
 3 Worldknit
 3 Word of Seizing
 3 Woodvine Elemental
 3 Winter Orb
 3 Windborn Muse
 3 Willbender
 3 Waste Not
 3 Wall of Shards
 3 Wall of Roots
 3 Wall of Frost
 3 Wall of Blossoms
 3 Voyaging Satyr
 3 Vow of Wildness
 3 Vow of Malice
 3 Vow of Lightning
 3 Vow of Flight
 3 Vorinclex, Voice of Hunger
 3 Vines of Vastwood
 3 Veteran Explorer
 3 Varchild's War-Riders
 3 Vampiric Tutor
 3 Utvara Hellkite
 3 Ugin, the Spirit Dragon
 3 Typhoid Rats
 3 Tribute to the Wild
 3 Treetop Village
 3 Tooth and Nail
 3 Time Walk
 3 Time Spiral
 3 Thrun, the Last Troll
 3 Thopter Assembly
 3 Thirst for Knowledge
 3 Tezzeret the Seeker
 3 Temur Sabertooth
 3 Temple of the False God
 3 Talrand's Invocation
 3 Tajic, Blade of the Legion
 3 Syphon Flesh
 3 Sylvan Offering
 3 Swan Song
 3 Surrak, the Hunt Caller
 3 Supplant Form
 3 Sunscorch Regent
 3 Student of Warfare
 3 Stromkirk Noble
 3 Stonehewer Giant
 3 Stonecloaker
 3 Stolen Identity
 3 Stoke the Flames
 3 Stitcher Geralf
 3 Starstorm
 3 Squirrel Nest
 3 Squee, Goblin Nabob
 3 Spurnmage Advocate
 3 Splinter Twin
 3 Spitting Image
 3 Spirit of the Labyrinth
 3 Spike Weaver
 3 Spelltwine
 3 Spectral Searchlight
 3 Sower of Temptation
 3 Soldier of the Pantheon
 3 Smokestack
 3 Slumbering Dragon
 3 Simic Signet
 3 Silklash Spider
 3 Sheltering Ancient
 3 Shelldock Isle
 3 Shattered Angel
 3 Shaman of the Great Hunt
 3 Shaman of Forgotten Ways
 3 Setessan Tactics
 3 Serra Ascendant
 3 Sensei's Divining Top
 3 Seaside Citadel
 3 Seal of Cleansing
 3 Scroll Rack
 3 Scourge of Skola Vale
 3 Scourge of Fleets
 3 Savage Lands
 3 Satyr Wayfinder
 3 Sarkhan the Mad
 3 Sandsteppe Citadel
 3 Ryusei, the Falling Star
 3 Rune-Scarred Demon
 3 Runechanter's Pike
 3 Rites of Flourishing
 3 Return to Dust
 3 Relic of Progenitus
 3 Reins of Power
 3 Red Sun's Zenith
 3 Reaper from the Abyss
 3 Read the Bones
 3 Rakka Mar
 3 Quest for the Gravelord
 3 Pyroclasm
 3 Punishing Fire
 3 Pulse Tracker
 3 Pulse of the Forge
 3 Primal Command
 3 Power Play
 3 Pontiff of Blight
 3 Pongify
 3 Platinum Emperion
 3 Phyrexian Revoker
 3 Pestermite
 3 Perplexing Chimera
 3 Outpost Siege
 3 Otherworldly Journey
 3 Opulent Palace
 3 Oath of Lieges
 3 Nomad Outpost
 3 Noble Hierarch
 3 Niv-Mizzet, the Firemind
 3 Nissa, Worldwaker
 3 Nimbus Naiad
 3 Nicol Bolas, Planeswalker
 3 Nether Traitor
 3 Necroplasm
 3 Narset Transcendent
 3 Mystic Monastery
 3 Mutavault
 3 Mortify
 3 Mondronen Shaman
 3 Monastery Swiftspear
 3 Monastery Siege
 3 Mogis's Marauder
 3 Mogg Maniac
 3 Moat
 3 Mirran Crusader
 3 Mindshrieker
 3 Mind's Eye
 3 Memory Lapse
 3 Memory Jar
 3 Memnarch
 3 Master Warcraft
 3 Master of the Wild Hunt
 3 Master of the Feast
 3 Massacre Wurm
 3 Magus of the Vineyard
 3 Magma Jet
 3 Mage Slayer
 3 Luminate Primordial
 3 Ludevic's Test Subject
 3 Loxodon Warhammer
 3 Lotleth Troll
 3 Lore Seeker
 3 Lore Broker
 3 Lord of Extinction
 3 Liliana Vess
 3 Lightning Helix
 3 Library of Alexandria
 3 Legion Loyalist
 3 Launch the Fleet
 3 Languish
 3 Kozilek, Butcher of Truth
 3 Knight of the Reliquary
 3 Knight-Captain of Eos
 3 Kheru Spellsnatcher
 3 Keranos, God of Storms
 3 Kavu Predator
 3 Kargan Dragonlord
 3 Kalonian Hydra
 3 Kaervek the Merciless
 3 Jungle Shrine
 3 Journey to Nowhere
 3 Joraga Treespeaker
 3 Joiner Adept
 3 Jinxed Idol
 3 Jace, Architect of Thought
 3 Hurricane
 3 Hunted Horror
 3 Hundred-Handed One
 3 Hopeful Eidolon
 3 Hellspark Elemental
 3 Hellkite Tyrant
 3 Heliod, God of the Sun
 3 Heartless Hidetsugu
 3 Havengul Lich
 3 Harbinger of the Tides
 3 Guard Gomazoa
 3 Grim Haruspex
 3 Greenwarden of Murasa
 3 Greater Good
 3 Graveborn Muse
 3 Graveblade Marauder
 3 Grand Abolisher
 3 Golgari Signet
 3 Gisela, Blade of Goldnight
 3 Gift of Immortality
 3 Garruk, Apex Predator
 3 Galepowder Mage
 3 Frontier Siege
 3 Frontier Bivouac
 3 Force of Will
 3 Forbid
 3 Flamewake Phoenix
 3 Flame Slash
 3 Fires of Yavimaya
 3 Fireshrieker
 3 Fervor
 3 Felidar Sovereign
 3 Exquisite Blood
 3 Explosive Vegetation
 3 Everflowing Chalice
 3 Eureka
 3 Essence Scatter
 3 Ertai, Wizard Adept
 3 Erratic Portal
 3 Erebos, God of the Dead
 3 Elvish Piper
 3 Electrolyze
 3 Eidolon of Blossoms
 3 Duskmantle Seer
 3 Duplicant
 3 Dungeon Geists
 3 Drogskol Reaver
 3 Dread Return
 3 Drana's Emissary
 3 Dragon Whisperer
 3 Dragonlair Spider
 3 Dragon Broodmother
 3 Doomed Traveler
 3 Doom Blade
 3 Dominus of Fealty
 3 Dismember
 3 Disciple of Bolas
 3 Dictate of the Twin Gods
 3 Diabolic Servitude
 3 Deathgreeter
 3 Death by Dragons
 3 Daxos of Meletis
 3 Darksteel Colossus
 3 Dark Ritual
 3 Dark Deal
 3 Darkblast
 3 Darien, King of Kjeldor
 3 Dance of the Dead
 3 Curse of Predation
 3 Crux of Fate
 3 Crumbling Necropolis
 3 Crucible of Worlds
 3 Crown of Doom
 3 Crater Hellion
 3 Copperhoof Vorrac
 3 Containment Priest
 3 Consuming Vapors
 3 Compulsive Research
 3 Complicate
 3 Collective Voyage
 3 Coffin Queen
 3 Coercive Portal
 3 Coalhauler Swine
 3 Clone
 3 Chrome Mox
 3 Chief Engineer
 3 Charmbreaker Devils
 3 Champion of Lambholt
 3 Celestial Archon
 3 Carrion Feeder
 3 Caged Sun
 3 Butcher of Malakir
 3 Browbeat
 3 Briarhorn
 3 Breaker of Armies
 3 Brago's Favor
 3 Brago, King Eternal
 3 Boros Battleshaper
 3 Boldwyr Heavyweights
 3 Bogardan Hellkite
 3 Blast from the Past
 3 Bitterblossom
 3 Birthing Pod
 3 Berserk
 3 Beastmaster Ascension
 3 Basilica Screecher
 3 Baneslayer Angel
 3 Aven Mindcensor
 3 Avarice Totem
 3 Auriok Champion
 3 Aura Thief
 3 Aura Shards
 3 Athreos, God of Passage
 3 Astral Cornucopia
 3 Ashiok, Nightmare Weaver
 3 Ashen Rider
 3 Army of the Damned
 3 Armageddon
 3 Armada Wurm
 3 Archive Trap
 3 Archetype of Courage
 3 Archangel of Strife
 3 Arcane Sanctum
 3 Ankh of Mishra
 3 Angel of Serenity
 3 Ancestral Recall
 3 Ambush Viper
 3 All Is Dust
 3 Ajani Vengeant
 2 Zur's Weirding
 2 Zurgo Bellstriker
 2 Zombie Infestation
 2 Zoetic Cavern
 2 Yavimaya Coast
 2 Yasova Dragonclaw
 2 Xathrid Necromancer
 2 Wrap in Flames
 2 Worship
 2 Woodland Bellower
 2 Wolfir Silverheart
 2 Wild Mongrel
 2 Wildcall
 2 White Sun's Zenith
 2 Whisperwood Elemental
 2 Whispersilk Cloak
 2 Whispering Madness
 2 Whispergear Sneak
 2 Whirler Rogue
 2 Whiplash Trap
 2 Whims of the Fates
 2 Whelming Wave
 2 Werebear
 2 Wear // Tear
 2 Wayfaring Temple
 2 War Report
 2 Warden of Evos Isle
 2 Wall of Reverence
 2 Vulturous Zombie
 2 Vorapede
 2 Volrath's Stronghold
 2 Volcanic Fallout
 2 Vizkopa Guildmage
 2 Vivid Meadow
 2 Vivid Marsh
 2 Vivid Grove
 2 Vivid Creek
 2 Vivid Crag
 2 Visions of Beyond
 2 Vision Skeins
 2 Viscera Seer
 2 Viridian Zealot
 2 Villainous Wealth
 2 Vigor
 2 Vexing Devil
 2 Vengevine
 2 Varolz, the Scar-Striped
 2 Vapor Snag
 2 Utter End
 2 Unexpectedly Absent
 2 Unearth
 2 Undying Evil
 2 Underworld Cerberus
 2 Undergrowth Champion
 2 Underground River
 2 Undead Gladiator
 2 Ultimate Price
 2 Uktabi Orangutan
 2 Turn to Frog
 2 Tuktuk the Explorer
 2 Truefire Paladin
 2 Trostani's Summoner
 2 Troll Ascetic
 2 Triton Tactics
 2 Trinket Mage
 2 Treacherous Pit-Dweller
 2 Transguild Promenade
 2 Transcendent Master
 2 Tradewind Rider
 2 Torrent Elemental
 2 Tornado Elemental
 2 Tolarian Academy
 2 Tithe Drinker
 2 Titania, Protector of Argoth
 2 Timetwister
 2 Time Reversal
 2 Tidehollow Sculler
 2 Thundermaw Hellkite
 2 Thundermare
 2 Throat Slitter
 2 Thraben Doomsayer
 2 Thoughtweft Gambit
 2 Thopter Engineer
 2 The Abyss
 2 Teysa, Envoy of Ghosts
 2 Terrifying Presence
 2 Terminate
 2 Temur Battle Rage
 2 Tempt with Immortality
 2 Tempt with Discovery
 2 Teleportal
 2 Tandem Lookout
 2 Syphon Soul
 2 Sygg, River Cutthroat
 2 Sword of Vengeance
 2 Swell of Courage
 2 Sunken Hollow
 2 Sulfurous Springs
 2 Stratus Dancer
 2 Stoic Rebuttal
 2 Stifle
 2 Steam Augury
 2 Standard Bearer
 2 Staff of Nin
 2 Squall Line
 2 Sprout Swarm
 2 Spitemare
 2 Spiteful Returned
 2 Spider Spawning
 2 Sphinx's Revelation
 2 Spell Crumple
 2 Soul Snare
 2 Soul of Zendikar
 2 Soul of New Phyrexia
 2 Soul of Innistrad
 2 Soul Manipulation
 2 Soulfire Grand Master
 2 Soulbright Flamekin
 2 Sorin, Solemn Visitor
 2 Smothering Abomination
 2 Smoldering Marsh
 2 Slice and Dice
 2 Sleep
 2 Skullwinder
 2 Skull Rend
 2 Skirsdag High Priest
 2 Sizzle
 2 Sire of Insanity
 2 Siren of the Silent Song
 2 Silent-Blade Oni
 2 Siege Rhino
 2 Siege Behemoth
 2 Shu Yun, the Silent Tempest
 2 Shrine of Burning Rage
 2 Shivan Reef
 2 Shattering Spree
 2 Shattering Pulse
 2 Sharding Sphinx
 2 Shapesharer
 2 Shamanic Revelation
 2 Shah of Naar Isle
 2 Shadowborn Demon
 2 Serra Angel
 2 Seraph of Dawn
 2 Sentinel Spider
 2 Sentinel Dispatch
 2 Selesnya Guildmage
 2 Selesnya Charm
 2 Seedtime
 2 Secure the Wastes
 2 Searing Blood
 2 Sea Gate Oracle
 2 Scute Mob
 2 Sculpting Steel
 2 Scatter the Seeds
 2 Savage Punch
 2 Sarkhan, the Dragonspeaker
 2 Ruinous Path
 2 Ruhan of the Fomori
 2 Royal Assassin
 2 Rotting Rats
 2 Rootborn Defenses
 2 Rolling Thunder
 2 Rofellos, Llanowar Emissary
 2 Rise of the Hobgoblins
 2 Rise of the Dark Realms
 2 Rhys the Redeemed
 2 Rhox Faithmender
 2 Rewind
 2 Revoke Existence
 2 Replenish
 2 Repercussion
 2 Reliquary Tower
 2 Rekindled Flame
 2 Reforge the Soul
 2 Reckless Waif
 2 Reaper of the Wilds
 2 Realm Seekers
 2 Reality Shift
 2 Reach of Branches
 2 Ray of Command
 2 Rattleclaw Mystic
 2 Rapid Hybridization
 2 Rakdos's Return
 2 Rainbow Vale
 2 Quest for Pure Flame
 2 Pyxis of Pandemonium
 2 Putrefy
 2 Pulse of the Fields
 2 Prophetic Prism
 2 Prophetic Flamespeaker
 2 Prophetic Bolt
 2 Prognostic Sphinx
 2 Pristine Angel
 2 Primordial Hydra
 2 Price of Glory
 2 Precinct Captain
 2 Prairie Stream
 2 Porcelain Legionnaire
 2 Pia and Kiran Nalaar
 2 Phyrexian Plaguelord
 2 Penumbra Spider
 2 Peel from Reality
 2 Pattern of Rebirth
 2 Parallax Wave
 2 Paradise Mantle
 2 Palliation Accord
 2 Palinchron
 2 Painful Truths
 2 Outnumber
 2 Order of Succession
 2 Opportunity
 2 Opaline Unicorn
 2 Oona's Prowler
 2 Ojutai, Soul of Winter
 2 Ogre Slumlord
 2 Obstinate Baloth
 2 Obsidian Fireheart
 2 Ob Nixilis, the Fallen
 2 Oath of Druids
 2 Nyx Weaver
 2 Nyx-Fleece Ram
 2 Nivix Guildmage
 2 Ninja of the Deep Hours
 2 Nimbus Swimmer
 2 Night's Whisper
 2 Nezumi Graverobber
 2 Nemesis of Reason
 2 Nekusar, the Mindrazer
 2 Necropotence
 2 Nearheath Pilgrim
 2 Naturalize
 2 Mystic Remora
 2 Mystic Genesis
 2 Mystic Barrier
 2 Mycosynth Wellspring
 2 Mycoloth
 2 Mulch
 2 Mox Diamond
 2 Morphling
 2 Moonveil Dragon
 2 Momentary Blink
 2 Mnemonic Wall
 2 Miscalculation
 2 Mirrorweave
 2 Mirror Mockery
 2 Mindslicer
 2 Mind Grind
 2 Mikaeus, the Unhallowed
 2 Merfolk Looter
 2 Medomai the Ageless
 2 Mayor of Avabruck
 2 Mastery of the Unseen
 2 Master of Waves
 2 Masked Admirers
 2 Marshal's Anthem
 2 Marchesa's Smuggler
 2 Marble Titan
 2 Manor Gargoyle
 2 Manic Vandal
 2 Mangara of Corondor
 2 Mana Tithe
 2 Mana Crypt
 2 Mammoth Umbra
 2 Makeshift Mannequin
 2 Magus of the Tabernacle
 2 Magus of the Moat
 2 Magmatic Force
 2 Maelstrom Wanderer
 2 Lurking Predators
 2 Lurking Automaton
 2 Lotus Petal
 2 Looter il-Kor
 2 Lodestone Golem
 2 Llanowar Wastes
 2 Linvala, Keeper of Silence
 2 Lim-Dul's Vault
 2 Liliana's Reaver
 2 Liliana of the Dark Realms
 2 Lignify
 2 Lightning Mauler
 2 Leyline of the Void
 2 Leyline of Anticipation
 2 Leafcrown Dryad
 2 Lead the Stampede
 2 Lavaball Trap
 2 Kytheon's Irregulars
 2 Kytheon, Hero of Akros
 2 Krosan Tusker
 2 Krosan Grip
 2 Koth of the Hammer
 2 Kor Sanctifiers
 2 Kismet
 2 Kiora's Follower
 2 Karplusan Forest
 2 Karn Liberated
 2 Kamahl, Pit Fighter
 2 Jin-Gitaxias, Core Augur
 2 Jhoira of the Ghitu
 2 Jeering Instigator
 2 Jaya Ballard, Task Mage
 2 Jace, the Mind Sculptor
 2 Jace's Sanctum
 2 Jace's Phantasm
 2 Izzet Charm
 2 Ixidron
 2 Iroas, God of Victory
 2 Invisible Stalker
 2 Intrepid Hero
 2 Into the Roil
 2 Instigator Gang
 2 Inquisitor's Flail
 2 Infectious Horror
 2 Indulgent Tormentor
 2 Increasing Devotion
 2 Incendiary Command
 2 Impulse
 2 Imperious Perfect
 2 Imperial Recruiter
 2 Ill-Gotten Gains
 2 Hydra Broodmaster
 2 Hunter's Prowess
 2 Hunted Dragon
 2 Humility
 2 Howl of the Horde
 2 Hooting Mandrills
 2 Hooded Hydra
 2 Honor of the Pure
 2 Hissing Iguanar
 2 Hedron Archive
 2 Head Games
 2 Haunted Plate Mail
 2 Harrow
 2 Gyre Sage
 2 Gustcloak Savior
 2 Guardian of the Guildpact
 2 Grizzly Fate
 2 Griffin Guide
 2 Grenzo, Dungeon Warden
 2 Great Oak Guardian
 2 Gravitational Shift
 2 Gravetiller Wurm
 2 Gravecrawler
 2 Grave Betrayal
 2 Gratuitous Violence
 2 Grasp of Fate
 2 Grand Architect
 2 Goldnight Commander
 2 Gods Willing
 2 Godsend
 2 Goblin Wardriver
 2 Goblinslide
 2 Goblin Sharpshooter
 2 Gnarled Scarhide
 2 Glimmerpoint Stag
 2 Glacial Chasm
 2 Gifts Given
 2 Gift of Orzhova
 2 Gideon Jura
 2 Gideon, Ally of Zendikar
 2 Giant Adephage
 2 Geth, Lord of the Vault
 2 Geist of Saint Traft
 2 Gavony Township
 2 Gauntlet of Might
 2 Gatekeeper of Malakir
 2 Garruk's Packleader
 2 Garruk, Caller of Beasts
 2 Gahiji, Honored One
 2 Gaea's Revenge
 2 Future Sight
 2 Fruit of the First Tree
 2 Forge Devil
 2 Foresee
 2 Forced Fruition
 2 Forbidden Orchard
 2 Fog Bank
 2 Fog
 2 Fling
 2 Flash
 2 Flameshadow Conjuring
 2 Firebolt
 2 Figure of Destiny
 2 Fight to the Death
 2 Fight or Flight
 2 Fiery Confluence
 2 Field Marshal
 2 Felhide Spiritbinder
 2 Favorable Winds
 2 Fatespinner
 2 Faceless Butcher
 2 Exploration
 2 Exalted Angel
 2 Everflame Eidolon
 2 Eternal Dragon
 2 Entreat the Angels
 2 Ensnaring Bridge
 2 Enslave
 2 Engineered Explosives
 2 Enclave Cryptologist
 2 Emrakul, the Aeons Torn
 2 Emeria Shepherd
 2 Emcee
 2 Ember Swallower
 2 Elephant Guide
 2 Eight-and-a-Half-Tails
 2 Echo Mage
 2 Dungrove Elder
 2 Dryad Militant
 2 Dross Harvester
 2 Dromoka's Command
 2 Drana, Liberator of Malakir
 2 Drakestown Forgotten
 2 Draining Whelk
 2 Dragonlord Atarka
 2 Dragon Fodder
 2 Dovescape
 2 Do or Die
 2 Doomwake Giant
 2 Doomed Necromancer
 2 Domri Rade
 2 Djinn of Wishes
 2 Djinn Illuminatus
 2 Dissolve
 2 Dissipate
 2 Dismiss into Dream
 2 Disenchant
 2 Devil's Play
 2 Deranged Hermit
 2 Den Protector
 2 Delay
 2 Decree of Justice
 2 Death Grasp
 2 Death Baron
 2 Deadly Recluse
 2 Dawntreader Elk
 2 Darksteel Sentinel
 2 Darksteel Ingot
 2 Dark Impostor
 2 Dark Hatchling
 2 Custody Battle
 2 Custodi Squire
 2 Crypt Rats
 2 Cryptoplasm
 2 Crescendo of War
 2 Creepy Doll
 2 Creakwood Liege
 2 Crackling Doom
 2 Counterbalance
 2 Copy Artifact
 2 Contested War Zone
 2 Conjurer's Closet
 2 Confiscate
 2 Condescend
 2 Colossus of Akros
 2 Coiling Oracle
 2 Cogwork Grinder
 2 Coastal Piracy
 2 City of Solitude
 2 City of Ass
 2 Cinder Glade
 2 Chaos Orb
 2 Chandra's Spitfire
 2 Chandra's Phoenix
 2 Chandra's Ignition
 2 Chandra, Pyromaster
 2 Champion of the Parish
 2 Chain Lightning
 2 Chainer's Edict
 2 Cemetery Reaper
 2 Celestial Ancient
 2 Caves of Koilos
 2 Cathars' Crusade
 2 Caravan Vigil
 2 Canopy Vista
 2 Cackling Counterpart
 2 Cabal Coffers
 2 Brushland
 2 Breath of Malfegor
 2 Breath of Darigaaz
 2 Brain Maggot
 2 Braids, Conjurer Adept
 2 Borderland Ranger
 2 Booster Tutor
 2 Boon Satyr
 2 Body Double
 2 Bloodfire Kavu
 2 Blightsteel Colossus
 2 Bite of the Black Rose
 2 Beseech the Queen
 2 Become Immense
 2 Batwing Brume
 2 Battle Screech
 2 Battlefield Forge
 2 Balefire Dragon
 2 Back to Nature
 2 Azorius Justiciar
 2 Azorius Guildmage
 2 Azorius Charm
 2 Avatar of Might
 2 Avarice Amulet
 2 Avalanche Riders
 2 Avacyn's Pilgrim
 2 Avacyn, Angel of Hope
 2 Aurelia, the Warleader
 2 Aura Mutation
 2 Asceticism
 2 Artisan of Kozilek
 2 Armed // Dangerous
 2 Arc Lightning
 2 Archangel of Tithes
 2 Archaeomancer
 2 Aqueous Form
 2 Apocalypse Hydra
 2 Anowon, the Ruin Sage
 2 Anger of the Gods
 2 Angelsong
 2 Angelic Skirmisher
 2 Angelic Renewal
 2 Angelic Edict
 2 Angelic Arbiter
 2 Ancestral Vision
 2 Altar of the Brood
 2 Alliance of Arms
 2 Algae Gharial
 2 Akroma, Angel of Fury
 2 Ajani's Pridemate
 2 Ajani Goldmane
 2 Ageless Entity
 2 Aether Vial
 2 Aetherspouts
 2 Aetherling
 2 Aegis Angel
 2 Adarkar Wastes
 2 Adarkar Valkyrie
 2 Act of Aggression
 2 Acidic Soil
 2 Abzan Beastmaster
 2 Abyssal Gatekeeper
 2 Abundant Growth
 2 Abbot of Keral Keep
 1 Zzzyxas's Abyss
 1 Zuran Orb
 1 Zombie Trailblazer
 1 Zhur-Taa Ancient
 1 Zedruu the Greathearted
 1 Yet Another Aether Vortex
 1 Yawgmoth's Bargain
 1 Yavimaya Granger
 1 Yavimaya Enchantress
 1 Xiahou Dun, the One-Eyed
 1 Write into Being
 1 Wrecking Ogre
 1 Wound Reflection
 1 Worst Fears
 1 Worm Harvest
 1 Wormfang Drake
 1 Worldspine Wurm
 1 World Queller
 1 Words of Wisdom
 1 Words of Wind
 1 Words of Waste
 1 Wordmail
 1 Woodland Sleuth
 1 Wood Elves
 1 Wooded Bastion
 1 Wolfir Avenger
 1 Wirewood Savage
 1 Wing Shards
 1 Wingcrafter
 1 Windreader Sphinx
 1 Wilt-Leaf Liege
 1 Will-o'-the-Wisp
 1 Willbreaker
 1 Wicker Warcrawler
 1 Who // What // When // Where // Why
 1 White Shield Crusader
 1 Whitemane Lion
 1 Whip-Spine Drake
 1 Whipflare
 1 Wheel of Fate
 1 Wheel and Deal
 1 Well of Knowledge
 1 Well of Ideas
 1 Weapon Surge
 1 Waylay
 1 Water Gun Balloon Game
 1 Waterfront Bouncer
 1 Wasteland Viper
 1 Wash Out
 1 Warstorm Surge
 1 War's Toll
 1 Warren Instigator
 1 War Priest of Thune
 1 Warped Devotion
 1 War Falcon
 1 War Elemental
 1 Wall of Limbs
 1 Wall of Denial
 1 Wall of Deceit
 1 Walker of Secret Ways
 1 Wake Thrasher
 1 Vulturous Aven
 1 Vryn Wingmare
 1 Vorel of the Hull Clade
 1 Voltaic Key
 1 Volcanic Dragon
 1 Void Winnower
 1 Voidslime
 1 Void Maw
 1 Voidmage Apprentice
 1 Void
 1 Vodalian Illusionist
 1 Village Bell-Ringer
 1 Vile Requiem
 1 Vile Consumption
 1 Vigilant Martyr
 1 Victim of Night
 1 Vicious Shadows
 1 Vexing Sphinx
 1 Vesuva
 1 Vertigo
 1 Verduran Enchantress
 1 Verdant Embrace
 1 Vengeful Pharaoh
 1 Vengeful Dead
 1 Vela the Night-Clad
 1 Vedalken Mastermind
 1 Vedalken Archmage
 1 Vault of the Archangel
 1 Vaultbreaker
 1 Vanishment
 1 Vanishing
 1 Uyo, Silent Prophet
 1 Ursapine
 1 Urborg Syphon-Mage
 1 Urborg Elf
 1 Unstable Obelisk
 1 Unruly Mob
 1 Unknown Shores
 1 Unhallowed Pact
 1 Unexpected Results
 1 Underworld Dreams
 1 Underworld Connections
 1 Undertaker
 1 Undercity Plague
 1 Undead Warchief
 1 Ulamog, the Ceaseless Hunger
 1 Ugin's Insight
 1 Tymaret, the Murder King
 1 Two-Headed Cerberus
 1 Twisted Abomination
 1 Twinflame
 1 Twilight Shepherd
 1 Twilight's Call
 1 Twilight Mire
 1 Twilight Drover
 1 Twigwalker
 1 Turn to Mist
 1 Turn Against
 1 True-Name Nemesis
 1 True Conviction
 1 True Believer
 1 Trostani, Selesnya's Voice
 1 Trophy Hunter
 1 Tromp the Domains
 1 Tromokratis
 1 Trollhide
 1 Triton Shorestalker
 1 Tribute to Hunger
 1 Triangle of War
 1 Tree of Redemption
 1 Treefolk Harbinger
 1 Treasury Thrull
 1 Traveler's Cloak
 1 Tragic Arrogance
 1 Trade Routes
 1 Toshiro Umezawa
 1 Torrent of Souls
 1 Torpor Orb
 1 Tormod's Crypt
 1 Tormented Soul
 1 Topsy Turvy
 1 Tombstalker
 1 Tolarian Entrancer
 1 Titanic Ultimatum
 1 Tin Street Hooligan
 1 Time to Feed
 1 Time Stop
 1 Timber Protector
 1 Thunderbreak Regent
 1 Thunderblade Charge
 1 Through the Breach
 1 Thrill-Kill Assassin
 1 Thraben Valiant
 1 Thousand Winds
 1 Thoughtseize
 1 Thoughtrender Lamia
 1 Thorn of Amethyst
 1 Thornling
 1 Think Twice
 1 Thieves' Fortune
 1 Thieves' Auction
 1 Thicket Elemental
 1 Thespian's Stage
 1 The Mimeoplasm
 1 Theft of Dreams
 1 Thawing Glaciers
 1 Thassa's Emissary
 1 Thallid
 1 Thada Adel, Acquisitor
 1 Tezzeret, Agent of Bolas
 1 Test of Faith
 1 Terrain Generator
 1 Terminus
 1 Teneb, the Harvester
 1 Tendrils of Corruption
 1 Tempt with Reflections
 1 Tempting Wurm
 1 Temporal Trespass
 1 Temporal Manipulation
 1 Temporal Isolation
 1 Temporal Adept
 1 Temple of Triumph
 1 Temple of Silence
 1 Temple of Plenty
 1 Temple of Mystery
 1 Temple of Malice
 1 Temple of Malady
 1 Temple of Epiphany
 1 Temple of Enlightenment
 1 Temple of Deceit
 1 Temple of Abandon
 1 Temple Bell
 1 Telepathy
 1 Teferi's Moat
 1 Tattermunge Maniac
 1 Tasigur's Cruelty
 1 Tariff
 1 Talisman of Unity
 1 Talisman of Progress
 1 Talisman of Indulgence
 1 Talisman of Impulse
 1 Talisman of Dominance
 1 Talent of the Telepath
 1 Take Possession
 1 Tajuru Preserver
 1 Tainted Remedy
 1 Tahngarth, Talruum Hero
 1 Synod Sanctum
 1 Sylvan Scrying
 1 Sylvan Bounty
 1 Sword of the Paruns
 1 Switcheroo
 1 Swans of Bryn Argoll
 1 Swallowing Plague
 1 Survival Cache
 1 Surrak Dragonclaw
 1 Surrakar Spellblade
 1 Sunken Ruins
 1 Sunhome Enforcer
 1 Sun Clasp
 1 Sultai Flayer
 1 Sudden Reclamation
 1 Sudden Demise
 1 Submerge
 1 Sturdy Hatchling
 1 Strongarm Monk
 1 Stroke of Genius
 1 Strionic Resonator
 1 Strategy, Schmategy
 1 Strands of Night
 1 Storm Crow
 1 Stormchaser Chimera
 1 Stormbound Geist
 1 Stormblood Berserker
 1 Stonewright
 1 Stonewood Invocation
 1 Stone Rain
 1 Stonehorn Dignitary
 1 Stoic Angel
 1 Stocking Tiger
 1 Stitch Together
 1 Stitch in Time
 1 Stitched Drake
 1 Stinkdrinker Bandit
 1 Stingscourger
 1 Stingerfling Spider
 1 Sterling Grove
 1 Steel Overseer
 1 Static Orb
 1 Stasis Snare
 1 Stasis
 1 Starfield of Nyx
 1 Stampede
 1 Stalking Vengeance
 1 Staggershock
 1 Sprouting Vines
 1 Springleaf Drum
 1 Sporemound
 1 Splatter Thug
 1 Spirit Mantle
 1 Spirit Loop
 1 Spirit en-Dal
 1 Spirit Bonds
 1 Spinerock Knoll
 1 Spine of Ish Sah
 1 Spiketail Drakeling
 1 Spike Cannibal
 1 Sphinx of Magosi
 1 Sphinx of Lost Truths
 1 Sphere of the Suns
 1 Spellstutter Sprite
 1 Spell Snare
 1 Spellshock
 1 Spell Pierce
 1 Spellheart Chimera
 1 Spell Burst
 1 Spectra Ward
 1 Spawning Pit
 1 Spawning Grounds
 1 Souls of the Faultless
 1 Soul's Fire
 1 Soul of the Harvest
 1 Soul of Shandalar
 1 Soul of Ravnica
 1 Soulmender
 1 Soulflayer
 1 Soul Exchange
 1 Soul Conduit
 1 Soulcage Fiend
 1 Soulblast
 1 Sorin's Vengeance
 1 Sorceress Queen
 1 Soot Imp
 1 Soothsaying
 1 Soltari Guerrillas
 1 Soltari Champion
 1 Solitary Confinement
 1 Snuff Out
 1 Snap
 1 Snakeform
 1 Smite the Monstrous
 1 Smash to Smithereens
 1 Sliver Hivelord
 1 Slith Firewalker
 1 Sleeper Agent
 1 Skyshroud Claim
 1 Skymark Roc
 1 Skyhunter Skirmisher
 1 Skybind
 1 Skullmulcher
 1 Skullcage
 1 Skitter of Lizards
 1 Skirk Prospector
 1 Skirk Fire Marshal
 1 Skinrender
 1 Skarrg Guildmage
 1 Skarrgan Firebird
 1 Skaab Ruinator
 1 Skaab Goliath
 1 Siren of the Fanged Coast
 1 Sinkhole
 1 Sin Collector
 1 Simic Guildgate
 1 Simic Growth Chamber
 1 Simic Charm
 1 Silver Myr
 1 Silumgar Sorcerer
 1 Silumgar's Command
 1 Silumgar Assassin
 1 Silence the Believers
 1 Signal Pest
 1 Sigil of Valor
 1 Sigil of the Empty Throne
 1 Sigiled Starfish
 1 Sidisi, Undead Vizier
 1 Shrine of Loyal Legions
 1 Shower of Coals
 1 Shivan Gorge
 1 Shipwreck Singer
 1 Shining Shoal
 1 Shimmering Grotto
 1 Shifty Doppelganger
 1 Shifting Loyalties
 1 Shepherd of Rot
 1 Shattergang Brothers
 1 Shattered Perception
 1 Shared Trauma
 1 Shape Anew
 1 Shambling Remains
 1 Shadows of the Past
 1 Shadowmage Infiltrator
 1 Shackles
 1 Serendib Efreet
 1 Sen Triplets
 1 Selvala's Charge
 1 Selvala, Explorer Returned
 1 Selfless Cathar
 1 Selesnya Sanctuary
 1 Seizan, Perverter of Truth
 1 Seething Song
 1 Seeker of the Way
 1 Seed the Land
 1 Sedge Scorpion
 1 Secrets of Paradise
 1 Seat of the Synod
 1 Seal of Primordium
 1 Scuttling Doom Engine
 1 Scryb Ranger
 1 Scourglass
 1 Scourge of Kher Ridges
 1 Scourge Devil
 1 Scour from Existence
 1 Scorned Villager
 1 Scorched Ruins
 1 Scion of the Wild
 1 Scion of Darkness
 1 Scavenger Drake
 1 Scatter to the Winds
 1 Scattershot Archer
 1 Savage Twister
 1 Savageborn Hydra
 1 Savage Beating
 1 Satyr Firedancer
 1 Sarkhan Unbroken
 1 Sarkhan's Triumph
 1 Sapling of Colfenor
 1 Sangromancer
 1 Sandsteppe Mastodon
 1 Saltblast
 1 Sakashima's Student
 1 Sagu Mauler
 1 Sadistic Hypnotist
 1 Ruthless Instincts
 1 Rushing River
 1 Rupture Spire
 1 Runed Servitor
 1 Rugged Prairie
 1 Rootwater Thief
 1 Rootgrapple
 1 Root Elemental
 1 Rix Maadi Guildmage
 1 River's Grasp
 1 Rising Waters
 1 Rise from the Grave
 1 Riptide Shapeshifter
 1 Riptide Mangler
 1 Riptide Entrancer
 1 Riot Control
 1 Ring of Xathrid
 1 Ring of Valkas
 1 Ring of Thune
 1 Ring of Kalonia
 1 Ring of Evos Isle
 1 Riftwing Cloudskate
 1 Rift Bolt
 1 Ride Down
 1 Riddlekeeper
 1 Richard Garfield, Ph.D.
 1 Ribbons of Night
 1 Reviving Melody
 1 Reverse the Sands
 1 Reverent Silence
 1 Reverence
 1 Reverberate
 1 Return to the Earth
 1 Retribution of the Meek
 1 Retreat to Valakut
 1 Retreat to Kazandu
 1 Retreat to Hagra
 1 Retreat to Emeria
 1 Retreat to Coralhelm
 1 Restore Balance
 1 Respite
 1 Rescue from the Underworld
 1 Requiem Angel
 1 Reprisal
 1 Repentance
 1 Repay in Kind
 1 Renegade Doppelganger
 1 Render Silent
 1 Remember the Fallen
 1 Relic Seeker
 1 Relic Crush
 1 Relentless Assault
 1 Reiterate
 1 Regal Force
 1 Recurring Insight
 1 Recoil
 1 Reckless Wurm
 1 Reckless Spite
 1 Reckless Reveler
 1 Rebuff the Wicked
 1 Razia's Purification
 1 Rayne, Academy Chancellor
 1 Ravenous Baloth
 1 Ravaging Blaze
 1 Ratchet Bomb
 1 Rare-B-Gone
 1 Rampant Growth
 1 Rakshasa Gravecaller
 1 Rakdos Pit Dragon
 1 Rakdos Charm
 1 Rakdos Carnarium
 1 Rakdos Cackler
 1 Rain of Thorns
 1 Raid Bombardment
 1 Rage Nimbus
 1 Ragamuffyn
 1 Radiant, Archangel
 1 Quicksilver Gargantuan
 1 Quicksilver Dagger
 1 Quicksilver Amulet
 1 Questing Phelddagrif
 1 Quest for Renewal
 1 Quarantine Field
 1 Qarsi High Priest
 1 Pyromancer's Goggles
 1 Pyrohemia
 1 Pyroblast
 1 Pyrite Spellbomb
 1 Pyreheart Wolf
 1 Pygmy Giant
 1 Putrid Imp
 1 Puresteel Paladin
 1 Puncture Blast
 1 Pulsemage Advocate
 1 Puca's Mischief
 1 Psychic Puppetry
 1 Psychic Intrusion
 1 Provoke
 1 Proteus Staff
 1 Protean Hydra
 1 Protean Hulk
 1 Prossh, Skyraider of Kher
 1 Prosperity
 1 Profound Journey
 1 Profaner of the Dead
 1 Prodigal Pyromancer
 1 Prismatic Omen
 1 Prismatic Lens
 1 Primeval Bounty
 1 Prime Speaker Zegana
 1 Primal Vigor
 1 Primal Surge
 1 Primal Rage
 1 Primal Clay
 1 Priest of Titania
 1 Pride of the Clouds
 1 Pride Guardian
 1 Price of Progress
 1 Prey Upon
 1 Preeminent Captain
 1 Preacher
 1 Praetor's Grasp
 1 Power Sink
 1 Power of Fire
 1 Porphyry Nodes
 1 Polymorphist's Jest
 1 Polymorph
 1 Polis Crusher
 1 Plea for Power
 1 Plasm Capture
 1 Planar Cleansing
 1 Plague Wind
 1 Plague of Vermin
 1 Plagued Rusalka
 1 Pitiless Horde
 1 Pithing Needle
 1 Pillory of the Sleepless
 1 Pillage
 1 Pilgrim's Eye
 1 Pilgrim of the Fires
 1 Pianna, Nomad Captain
 1 Phytohydra
 1 Phyrexian Reclamation
 1 Phyrexian Obliterator
 1 Phyrexian Delver
 1 Phyrexian Crusader
 1 Phyrexian Colossus
 1 Phyrexian Altar
 1 Phylactery Lich
 1 Phenax, God of Deception
 1 Phelddagrif
 1 Pharika's Mender
 1 Phantom Nantuko
 1 Phantom General
 1 Phantom Centaur
 1 Phalanx Leader
 1 Petals of Insight
 1 Perplex
 1 Perilous Vault
 1 Peregrination
 1 Penumbra Wurm
 1 Pentavus
 1 Pentad Prism
 1 Patron Wizard
 1 Patron of the Nezumi
 1 Patron of the Kitsune
 1 Patrician's Scorn
 1 Pathrazer of Ulamog
 1 Path of Bravery
 1 Parallel Lives
 1 Paradox Haze
 1 Panoptic Mirror
 1 Pandemonium
 1 Palladium Myr
 1 Paleoloth
 1 Paladin en-Vec
 1 Pain Seer
 1 Pain Magnification
 1 Pain Kami
 1 Pacifism
 1 Oversold Cemetery
 1 Overgrown Battlement
 1 Overabundance
 1 Outland Colossus
 1 Oust
 1 Our Market Research Shows That Players Like Really Long Card Names So We Made this Card to Have the Absolute Longest Card Name Ever Elemental
 1 Orzhov Guildgate
 1 Orzhov Basilica
 1 Oreskos Explorer
 1 Order of Whiteclay
 1 Order of the Golden Cricket
 1 Ordeal of Nylea
 1 Orc Sureshot
 1 Orbs of Warding
 1 Open the Vaults
 1 Opalescence
 1 Opal Champion
 1 Oona, Queen of the Fae
 1 Onyx Mage
 1 Omniscience
 1 Omenspeaker
 1 Omen Machine
 1 Ohran Viper
 1 Ogre Marauder
 1 Odric, Master Tactician
 1 Observant Alseid
 1 Ob Nixilis, Unshackled
 1 Oak Street Innkeeper
 1 Nylea's Emissary
 1 Nylea's Disciple
 1 Nylea, God of the Hunt
 1 Nullmage Shepherd
 1 Nullmage Advocate
 1 Noxious Revival
 1 Noxious Ghoul
 1 Notorious Throng
 1 Notion Thief
 1 Norn's Annex
 1 Norin the Wary
 1 No Mercy
 1 Nomads' Assembly
 1 Noble Benefactor
 1 Nissa, Vastwood Seer
 1 Nissa's Revelation
 1 Nissa's Renewal
 1 Nissa Revane
 1 Nirkana Revenant
 1 Nin, the Pain Artist
 1 Nim Deathmantle
 1 Nihilistic Glee
 1 Night Soil
 1 Nightshade Peddler
 1 Nightbird's Clutches
 1 Niblis of the Urn
 1 Nezumi Shortfang
 1 Nezumi Cutthroat
 1 Nest Invader
 1 Nessian Asp
 1 Nemesis Trap
 1 Nekrataal
 1 Nefarox, Overlord of Grixis
 1 Necromancer's Stockpile
 1 Necrogenesis
 1 Necrobite
 1 Naughty/Nice
 1 Nature's Claim
 1 Nacatl Hunt-Pride
 1 Mystifying Maze
 1 Mystic Retrieval
 1 Mystic Gate
 1 Myr Retriever
 1 Myriad Landscape
 1 Mwonvuli Beast Tracker
 1 Muzzio, Visionary Architect
 1 Muzzio's Preparations
 1 Mutilate
 1 Murmuring Bosk
 1 Murkfiend Liege
 1 Murder Investigation
 1 Murder
 1 Muddle the Mixture
 1 Mox Opal
 1 Mortivore
 1 Mortarpod
 1 Moonsilver Spear
 1 Moonmist
 1 Moonlight Bargain
 1 Moonglove Changeling
 1 Monk Idealist
 1 Monastery Flock
 1 Moment's Peace
 1 Momentous Fall
 1 Molten-Tail Masticore
 1 Moltensteel Dragon
 1 Molten Psyche
 1 Mold Shambler
 1 Moldgraf Monstrosity
 1 Moldervine Cloak
 1 Mogg Salvage
 1 Mogg Infestation
 1 Mogg Assassin
 1 Mob Rule
 1 Mizzium Meddler
 1 Mitotic Slime
 1 Mist Raven
 1 Mistmeadow Witch
 1 Mistfire Adept
 1 Mistblade Shinobi
 1 Mishra's Workshop
 1 Mirror Strike
 1 Mirrodin's Core
 1 Mirri's Guile
 1 Mirari
 1 Miraculous Recovery
 1 Minotaur Skullcleaver
 1 Minion Reflector
 1 Mine, Mine, Mine!
 1 Mind Twist
 1 Mindsparker
 1 Mind's Desire
 1 Mindscour Dragon
 1 Minds Aglow
 1 Mindcrank
 1 Military Intelligence
 1 Mikokoro, Center of the Sea
 1 Midnight Haunting
 1 Midnight Banshee
 1 Michiko Konda, Truth Seeker
 1 Metalworker
 1 Mesmeric Orb
 1 Mesa Enchantress
 1 Mercy Killing
 1 Mephidross Vampire
 1 Mental Misstep
 1 Memory Plunder
 1 Memory Erosion
 1 Meloku the Clouded Mirror
 1 Meletis Charlatan
 1 Meishin, the Mind Cage
 1 Meekstone
 1 Measure of Wickedness
 1 Meadowboon
 1 Master of Pearls
 1 Master of Etherium
 1 Mass Hysteria
 1 Massacre
 1 Mask of Memory
 1 Mask of Avacyn
 1 Masako the Humorless
 1 Martyr's Bond
 1 Marrow Bats
 1 Markov Warlord
 1 Mardu Woe-Reaper
 1 Mardu Strike Leader
 1 Mardu Shadowspear
 1 Marchesa, the Black Rose
 1 Marchesa's Infiltrator
 1 Marchesa's Emissary
 1 Maralen of the Mornsong
 1 Mana Reflection
 1 Mana Geyser
 1 Mana Flare
 1 Manabond
 1 Manabarbs
 1 Malfegor
 1 Malakir Bloodwitch
 1 Makeshift Mauler
 1 Magus of the Wheel
 1 Magus of the Moon
 1 Magus of the Bazaar
 1 Magus of the Abyss
 1 Magmaw
 1 Magmaquake
 1 Magma Phoenix
 1 Magister Sphinx
 1 Mageta the Lion
 1 Mage-Ring Bully
 1 Maelstrom Nexus
 1 Lust for War
 1 Lure
 1 Lumberknot
 1 Loxodon Smiter
 1 Lotus Bloom
 1 Lorthos, the Tidemaker
 1 Lorescale Coatl
 1 Lord of the Undead
 1 Look at Me, I'm the DCI
 1 Loaming Shaman
 1 Llanowar Elves
 1 Limited Resources
 1 Liliana's Caress
 1 Lightning Strike
 1 Lightmine Field
 1 Lighthouse Chronologist
 1 Liege of the Hollows
 1 Lhurgoyf
 1 Leyline of Vitality
 1 Leonin Arbiter
 1 Leechridden Swamp
 1 Leaden Myr
 1 Lavinia of the Tenth
 1 Lava Dart
 1 Latchkey Faerie
 1 Last Word
 1 Lashwrithe
 1 Lashknife Barrier
 1 Larceny
 1 Lantern of Insight
 1 Land's Edge
 1 Lambholt Elder
 1 Laboratory Maniac
 1 Kuon, Ogre Ascendant
 1 Kruphix, God of Horizons
 1 Kruin Striker
 1 Kruin Outlaw
 1 Krosan Warchief
 1 Krenko's Command
 1 Korozda Guildmage
 1 Kor Haven
 1 Kolaghan, the Storm's Fury
 1 Kolaghan Forerunners
 1 Knowledge Pool
 1 Knight of the White Orchid
 1 Knight of Glory
 1 Knight Exemplar
 1 Kirtar's Wrath
 1 Kinsbaile Cavalier
 1 Kingpin's Pet
 1 Keymaster Rogue
 1 Keldon Marauders
 1 Keldon Firebombers
 1 Keldon Champion
 1 Keep Watch
 1 Keeper of the Beasts
 1 Keening Apparition
 1 Kataki, War's Wage
 1 Karplusan Minotaur
 1 Karmic Justice
 1 Karametra's Acolyte
 1 Karametra, God of Harvests
 1 Karakas
 1 Kami of the Crescent Moon
 1 Kami of Ancient Law
 1 Kamahl, Fist of Krosa
 1 Kalonian Twingrove
 1 Kalastria Highborn
 1 Kabira Vindicator
 1 Junk Diver
 1 Juggernaut
 1 Jugan, the Rising Star
 1 Journeyer's Kite
 1 Joraga Warcaller
 1 Jiwari, the Earth Aflame
 1 Jinxed Choker
 1 Jilt
 1 Jetting Glasskite
 1 Jeskai Infiltrator
 1 Jeskai Elder
 1 Jeskai Ascendancy
 1 Jelenn Sphinx
 1 Jazal Goldmane
 1 Jarad's Orders
 1 Jade Mage
 1 Jace, Vryn's Prodigy
 1 Jace, the Living Guildpact
 1 Jace's Mindseeker
 1 Jace's Ingenuity
 1 Izzet Guildgate
 1 Izzet Boilerworks
 1 Ivy Lane Denizen
 1 It That Betrays
 1 Iterative Analysis
 1 Island Sanctuary
 1 Isamaru, Hound of Konda
 1 Iron Myr
 1 Iridescent Drake
 1 Ire Shaman
 1 Iona, Shield of Emeria
 1 Intuition
 1 Into the Core
 1 Intellectual Offering
 1 Inspired Sprite
 1 Inquisition of Kozilek
 1 Inkfathom Infiltrator
 1 Ink-Eyes, Servant of Oni
 1 Infiltration Lens
 1 Infernal Offering
 1 Indrik Stomphowler
 1 Indentured Djinn
 1 Incremental Blight
 1 Increasing Vengeance
 1 Increasing Savagery
 1 Incinerate
 1 Imp's Mischief
 1 Impromptu Raid
 1 Immediate Action
 1 Immaculate Magistrate
 1 Illusory Angel
 1 Illusions of Grandeur
 1 Icy Blast
 1 Ichor Slick
 1 Icefall Regent
 1 Ice Cave
 1 Ib Halfheart, Goblin Tactician
 1 Hystrodon
 1 Hypnotic Siren
 1 Hypergenesis
 1 Hymn to Tourach
 1 Hyena Umbra
 1 Hunting Pack
 1 Hunter of Eyeblights
 1 Hunted Wumpus
 1 Hunted Lammasu
 1 Hunger of the Howlpack
 1 Hull Breach
 1 Howling Mine
 1 Howling Banshee
 1 Howlgeist
 1 Hour of Need
 1 Hound of Griselbrand
 1 Horn of Greed
 1 Hornet Nest
 1 Horizon Chimera
 1 Hoofprints of the Stag
 1 Honden of Seeing Winds
 1 Honden of Night's Reach
 1 Honden of Life's Web
 1 Honden of Infinite Rage
 1 Homura, Human Ascendant
 1 Homeward Path
 1 Hold the Line
 1 Hokori, Dust Drinker
 1 Higure, the Still Wind
 1 High Priest of Penance
 1 Hidden Herd
 1 Hidden Guerrillas
 1 Hidden Gibbons
 1 Hidden Dragonslayer
 1 Hidden Ancients
 1 Heroes' Bane
 1 Heretic's Punishment
 1 Herald of Torment
 1 Herald of the Pantheon
 1 Herald of Anafenza
 1 Hell's Thunder
 1 Hell's Caretaker
 1 Hellkite Charger
 1 Heir of the Wilds
 1 Hedron Crab
 1 Hecatomb
 1 Heat Shimmer
 1 Heartless Summoning
 1 Haunted Angel
 1 Hatred
 1 Hateflayer
 1 Harm's Way
 1 Hanweir Lancer
 1 Hangarback Walker
 1 Hammerhand
 1 Hamletback Goliath
 1 Hallowed Burial
 1 Hall of Triumph
 1 Gwafa Hazid, Profiteer
 1 Guul Draz Assassin
 1 Guttural Response
 1 Gutter Grime
 1 Gut Shot
 1 Gush
 1 Guardian of the Gateless
 1 Gruul War Chant
 1 Gruul Turf
 1 Gruul Guildmage
 1 Gruul Charm
 1 Growth Spasm
 1 Growing Ranks
 1 Grixis Charm
 1 Grisly Spectacle
 1 Griptide
 1 Grip of Chaos
 1 Grinning Ignus
 1 Grim Return
 1 Grim Harvest
 1 Grim Guardian
 1 Grenzo's Cutthroat
 1 Greed
 1 Great Furnace
 1 Graverobber Spider
 1 Graven Cairns
 1 Grafdigger's Cage
 1 Graceful Reprieve
 1 Grab the Reins
 1 Gossamer Chains
 1 Gorilla Shaman
 1 Gorgon's Head
 1 Golgari Rot Farm
 1 Golgari Guildmage
 1 Golgari Guildgate
 1 Golgari Grave-Troll
 1 Golgari Decoy
 1 Golgari Charm
 1 Gold Myr
 1 Godo's Irregulars
 1 Goblin Warrens
 1 Goblin Tutor
 1 Goblin Test Pilot
 1 Goblin S.W.A.T. Team
 1 Goblin Soothsayer
 1 Goblin Piledriver
 1 Goblin Offensive
 1 Goblin Heelcutter
 1 Goblin Guide
 1 Goblin Grenade
 1 Goblin Electromancer
 1 Goblin Diplomats
 1 Goblin Bushwhacker
 1 Goblin Arsonist
 1 Glory of Warfare
 1 Global Ruin
 1 Glissa, the Traitor
 1 Glimpse the Unthinkable
 1 Glare of Subdual
 1 Glacial Ray
 1 Give // Take
 1 Gitaxian Probe
 1 Gild
 1 Gift of Estates
 1 Giant Solifuge
 1 Ghoulcaller's Bell
 1 Ghost Quarter
 1 Ghostly Flicker
 1 Ghitu Firebreathing
 1 Ghitu Encampment
 1 Ghirapur Gearcrafter
 1 Ghave, Guru of Spores
 1 Gerrymandering
 1 Gerrard's Battle Cry
 1 Gemstone Caverns
 1 Gempalm Polluter
 1 Gelectrode
 1 Gelatinous Genesis
 1 Geist Snatch
 1 Gatstaf Shepherd
 1 Gather Specimens
 1 Garruk's Horde
 1 Garruk Relentless
 1 Garruk, Primal Hunter
 1 Gamble
 1 Galvanoth
 1 Galvanic Juggernaut
 1 Galvanic Blast
 1 Gaea's Cradle
 1 Gaddock Teeg
 1 Fyndhorn Elves
 1 Furnace of Rath
 1 Fumiko the Lowblood
 1 Fume Spitter
 1 Full Moon's Rise
 1 Frostburn Weird
 1 Frost Breath
 1 Frontline Medic
 1 Frontier Guide
 1 From Beyond
 1 Fresh Meat
 1 Frenzied Goblin
 1 Frazzled Editor
 1 Fracturing Gust
 1 Fractured Powerstone
 1 Foul Renewal
 1 Foster
 1 Forlorn Pseudamma
 1 Fork
 1 Force Spike
 1 Forcemage Advocate
 1 Forcefield
 1 Forbidden Alchemy
 1 Fool's Demise
 1 Fold into Aether
 1 Foil
 1 Flurry of Wings
 1 Flooded Grove
 1 Flesh // Blood
 1 Fleetfeather Sandals
 1 Fleetfeather Cockatrice
 1 Fledgling Mawcor
 1 Flash Conscription
 1 Flames of the Firebrand
 1 Flamerush Rider
 1 Flame Fusillade
 1 Flameblast Dragon
 1 Fire Servant
 1 Fire-Lit Thicket
 1 Fire Imp
 1 Fire // Ice
 1 Fire Covenant
 1 Firecat Blitz
 1 Fireball
 1 Fiery Fall
 1 Fierce Empath
 1 Feudkiller's Verdict
 1 Fetid Heath
 1 Festering Goblin
 1 Fertilid
 1 Fertile Ground
 1 Felidar Umbra
 1 Feldon's Cane
 1 Feed the Pack
 1 Fecundity
 1 Fated Return
 1 Fated Retribution
 1 Fated Intervention
 1 Fated Conflagration
 1 Fastbond
 1 Fascination
 1 Farhaven Elf
 1 Fanning the Flames
 1 Fangren Firstborn
 1 False Prophet
 1 Fallen Angel
 1 Falkenrath Marauders
 1 Falkenrath Exterminator
 1 Faerie Squadron
 1 Faerie Macabre
 1 Faerie Conclave
 1 Fabricate
 1 Ezuri's Predation
 1 Ezuri, Renegade Leader
 1 Eye of Doom
 1 Explorer's Scope
 1 Explore
 1 Exclude
 1 Evil Twin
 1 Evernight Shade
 1 Evermind
 1 Evangelize
 1 Evacuation
 1 Etherium Sculptor
 1 Etherium-Horn Sorcerer
 1 Ethereal Armor
 1 Eternal Thirst
 1 Essence Warden
 1 Essence of the Wild
 1 Essence Fracture
 1 Essence Backlash
 1 Erebos's Emissary
 1 Erayo, Soratami Ascendant
 1 Epic Confrontation
 1 Ensouled Scimitar
 1 Enlisted Wurm
 1 Endrek Sahr, Master Breeder
 1 Endless Ranks of the Dead
 1 Endless One
 1 Endless Cockroaches
 1 Enchantress's Presence
 1 Enchanted Evening
 1 Empyrial Archangel
 1 Empty the Pits
 1 Embargo
 1 Emancipation Angel
 1 Elvish Promenade
 1 Elvish Harbinger
 1 Elvish Archdruid
 1 Elves of Deep Shadow
 1 Elusive Spellfist
 1 Elspeth Tirel
 1 Elite Scaleguard
 1 Elgaud Shieldmate
 1 Electropotence
 1 Eldrazi Monument
 1 Elbrus, the Binding Blade
 1 Eladamri's Call
 1 Eidolon of Rhetoric
 1 Eidolon of Countless Battles
 1 Edge of Autumn
 1 Eater of Hope
 1 Dwarven Blastminer
 1 Dutiful Attendant
 1 Dust Elemental
 1 Dusk Urchins
 1 Duress
 1 Duh
 1 Dual Casting
 1 Druid of the Anima
 1 Drop of Honey
 1 Dregscape Zombie
 1 Dreg Mangler
 1 Dream Leash
 1 Dream Halls
 1 Dream Fracture
 1 Dreamborn Muse
 1 Dread Slag
 1 Dread
 1 Dragon Throne of Tarkir
 1 Dragonspeaker Shaman
 1 Dragonscale General
 1 Dragonlord Silumgar
 1 Dragonlord Ojutai
 1 Dragonlord Kolaghan
 1 Dragonlord Dromoka
 1 Double Cleave
 1 Dosan the Falling Leaf
 1 Door to Nothingness
 1 Door of Destinies
 1 Doomgape
 1 Donate
 1 Dolmen Gate
 1 Djinn of Infinite Deceits
 1 Divine Verdict
 1 Diviner Spirit
 1 Divine Reckoning
 1 Divert
 1 Distortion Strike
 1 Dissipation Field
 1 Disruptive Pitmage
 1 Displacement Wave
 1 Dismiss
 1 Disdainful Stroke
 1 Disciple of the Ring
 1 Disciple of Griselbrand
 1 Dirtcowl Wurm
 1 Diregraf Ghoul
 1 Dinrova Horror
 1 Dimir Charm
 1 Dimir Aqueduct
 1 Diaochan, Artful Beauty
 1 Diabolic Edict
 1 Devour in Shadow
 1 Devastation Tide
 1 Detention Sphere
 1 Destructive Force
 1 Desperate Ritual
 1 Desperate Ravings
 1 Desolation Twin
 1 Deserted Temple
 1 Desert
 1 Descent of the Dragons
 1 Deputy of Acquittals
 1 Dense Foliage
 1 Demonic Rising
 1 Demonfire
 1 Delver of Secrets
 1 Delirium
 1 Deglamer
 1 Deflecting Palm
 1 Decree of Pain
 1 Deceiver Exarch
 1 Debt of Loyalty
 1 Deathspore Thallid
 1 Death Rattle
 1 Death or Glory
 1 Deathforge Shaman
 1 Death Denied
 1 Deathcult Rogue
 1 Death Cloud
 1 Deathbringer Thoctar
 1 Deathbringer Regent
 1 Deathbringer Liege
 1 Deadwood Treefolk
 1 Deadbridge Goliath
 1 Deadbridge Chant
 1 Daze
 1 Daybreak Ranger
 1 Daybreak Coronet
 1 Dawn Charm
 1 Dawnbreak Reclaimer
 1 Dauthi Trapper
 1 Dauthi Marauder
 1 Dauthi Horror
 1 Dauntless Escort
 1 Dauntless Dourbark
 1 Dash Hopes
 1 Dark Withering
 1 Dark Tutelage
 1 Darkthicket Wolf
 1 Darksteel Plate
 1 Darksteel Pendant
 1 Darksteel Forge
 1 Dark Confidant
 1 Daring Thief
 1 Daring Apprentice
 1 Dangerous Wager
 1 Dampen Thought
 1 Cytoshape
 1 Cyclops Gladiator
 1 Curse of the Cabal
 1 Curse of Stalked Prey
 1 Curse of Shallow Graves
 1 Curse of Echoes
 1 Curse of Chains
 1 Curse of Bloodletting
 1 Curiosity
 1 Curfew
 1 Cuombajj Witches
 1 Cunning Sparkmage
 1 Cunning Lethemancer
 1 Crystalline Nautilus
 1 Crystal Ball
 1 Cryptborn Horror
 1 Crypsis
 1 Crusading Knight
 1 Crusade
 1 Crucible of Fire
 1 Crop Rotation
 1 Crocanura
 1 Crippling Fatigue
 1 Crimson Mage
 1 Crib Swap
 1 Creeping Renaissance
 1 Creeping Corrosion
 1 Cream of the Crop
 1 Crawlspace
 1 Crater's Claws
 1 Crater Elemental
 1 Cranial Archive
 1 Cragganwick Cremator
 1 Crafty Pathmage
 1 Cradle of Vitality
 1 Cowardice
 1 Covenant of Minds
 1 Court Street Denizen
 1 Counterlash
 1 Cosi's Trickster
 1 Corpseweft
 1 Corpse Dance
 1 Corpse Connoisseur
 1 Copy Enchantment
 1 Copper Myr
 1 Coordinated Assault
 1 Contract from Below
 1 Contamination
 1 Contagion Engine
 1 Contagion
 1 Consume the Meek
 1 Consul's Lieutenant
 1 Constant Mists
 1 Conqueror's Pledge
 1 Conquering Manticore
 1 Conjured Currency
 1 Confusion in the Ranks
 1 Conflagrate
 1 Conduit of Ruin
 1 Concordant Crossroads
 1 Commandeer
 1 Colossal Whale
 1 Collective Blessing
 1 Collateral Damage
 1 Cold Storage
 1 Coldsteel Heart
 1 Cold-Eyed Selkie
 1 Cobra Trap
 1 Coat of Arms
 1 Coalition Honor Guard
 1 Clutch of the Undercity
 1 Cloudstone Curio
 1 Cloudfin Raptor
 1 Clone Legion
 1 Cleansing Meditation
 1 Claustrophobia
 1 Clan Defiance
 1 Citadel of Pain
 1 Cinderbones
 1 Chromeshell Crab
 1 Chromatic Star
 1 Chromanticore
 1 Chord of Calling
 1 Chimeric Mass
 1 Chimeric Egg
 1 Children of Korlis
 1 Child of Night
 1 Chief of the Foundry
 1 Cheatyface
 1 Channel
 1 Chandra's Outrage
 1 Chancellor of the Tangle
 1 Chancellor of the Spires
 1 Chancellor of the Dross
 1 Chancellor of the Annex
 1 Chameleon Colossus
 1 Chain of Plasma
 1 Chainer, Dementia Master
 1 Cerebral Vortex
 1 Cenn's Enlistment
 1 Cellar Door
 1 Celestial Crusader
 1 Celestial Colonnade
 1 Cauldron of Souls
 1 Cauldron Haze
 1 Cauldron Dance
 1 Cathedral Membrane
 1 Catacomb Sifter
 1 Cataclysm
 1 Cascade Bluffs
 1 Carnifex Demon
 1 Carnage Gladiator
 1 Capture of Jingzhou
 1 Captivating Glance
 1 Capricious Efreet
 1 Cannibalize
 1 Candelabra of Tawnos
 1 Calming Verse
 1 Call to the Grave
 1 Call to Heel
 1 Call the Skybreaker
 1 Callous Oppressor
 1 Caldera Hellion
 1 Calciderm
 1 Cage of Hands
 1 Cackling Witch
 1 Cabal Therapy
 1 Butcher of the Horde
 1 Burst Lightning
 1 Burrenton Bombardier
 1 Burning-Tree Shaman
 1 Burning-Tree Emissary
 1 Burning Earth
 1 Burning Anger
 1 Burn at the Stake
 1 Burgeoning
 1 Bump in the Night
 1 Bull Cerodon
 1 Brutalizer Exarch
 1 Brutal Expulsion
 1 Brown Ouphe
 1 Brooding Saurian
 1 Brood Butcher
 1 Brittle Effigy
 1 Bring to Light
 1 Brightstone Ritual
 1 Breeding Pit
 1 Breaking // Entering
 1 Break Asunder
 1 Brawn
 1 Brawl
 1 Brave the Sands
 1 Brave the Elements
 1 Brand
 1 Bramblecrush
 1 Brain Freeze
 1 Braid of Fire
 1 Bosom Buddy
 1 Boros Guildgate
 1 Boros Garrison
 1 Boros Elite
 1 Boomerang
 1 Boneyard Wurm
 1 Blustersquall
 1 Blurred Mongoose
 1 Blue Sun's Zenith
 1 Blood Tribute
 1 Blood Tithe
 1 Bloodshot Cyclops
 1 Bloodhunter Bat
 1 Bloodfray Giant
 1 Bloodfire Infusion
 1 Blood Cultist
 1 Blinkmoth Urn
 1 Blind with Anger
 1 Blinding Angel
 1 Blessings of Nature
 1 Blazing Specter
 1 Blazing Archon
 1 Blastoderm
 1 Bladed Pinions
 1 Black Vise
 1 Blacker Lotus
 1 Bituminous Blast
 1 Bitter Revelation
 1 Biorhythm
 1 Binding Grasp
 1 Big Game Hunter
 1 Betrayal of Flesh
 1 Bestial Menace
 1 Benalish Commander
 1 Behemoth Sledge
 1 Beetleback Chief
 1 Bear Umbra
 1 Bearer of the Heavens
 1 Beacon of Destruction
 1 Beacon of Creation
 1 Bazaar Trader
 1 Battle Mastery
 1 Battlefield Thaumaturge
 1 Basking Rootwalla
 1 Basilica Guards
 1 Basandra, Battle Seraph
 1 Basalt Monolith
 1 Barrin's Spite
 1 Barrin, Master Wizard
 1 Barrage Tyrant
 1 Barbed Shocker
 1 Bant Charm
 1 Banshee's Blade
 1 Banefire
 1 Balefire Liege
 1 Balduvian Warlord
 1 Azure Mage
 1 Azorius Chancery
 1 Axebane Guardian
 1 Aven Riftwatcher
 1 Aven Mimeomancer
 1 Avatar of Slaughter
 1 Avatar of Fury
 1 Avatar of Discord
 1 Avaricious Dragon
 1 Avacyn, Guardian Angel
 1 Auriok Salvagers
 1 Auriok Bladewarden
 1 Aurelia's Fury
 1 Auramancer
 1 Aura Gnarlid
 1 Auntie's Snitch
 1 Augur of Bolas
 1 Atarka's Command
 1 Ashnod's Altar
 1 Ashmouth Hound
 1 Ashes to Ashes
 1 Ashcloud Phoenix
 1 Ascending Aven
 1 Ascended Lawmage
 1 Artisan's Sorrow
 1 Artifact Mutation
 1 Arrogant Bloodlord
 1 Arrest
 1 Argothian Elder
 1 Argentum Armor
 1 Argent Sphinx
 1 Arc Trail
 1 Arctic Aven
 1 Archon of Redemption
 1 Archon of Justice
 1 Archetype of Finality
 1 Archetype of Endurance
 1 Arcanis the Omnipotent
 1 Arcane Melee
 1 Arbor Colossus
 1 Arbiter of the Ideal
 1 Arashi, the Sky Asunder
 1 Aphetto Exterminator
 1 Ant Queen
 1 Antagonism
 1 Ankle Shanker
 1 Animar, Soul of Elements
 1 Anger
 1 Ancient Grudge
 1 Ancestral Mask
 1 Anax and Cymede
 1 Anafenza, Kin-Tree Spirit
 1 Ampryn Tactician
 1 Amok
 1 Altar's Reap
 1 Altar of Bone
 1 Alluring Siren
 1 Alloy Myr
 1 Aligned Hedron Network
 1 Alhammarret's Archive
 1 Alabaster Mage
 1 Akroma's Memorial
 1 Akroma, Angel of Wrath
 1 Ajani's Presence
 1 Ajani's Chosen
 1 Ajani, Mentor of Heroes
 1 Ajani, Caller of the Pride
 1 Air Servant
 1 Ainok Survivalist
 1 Agent of the Fates
 1 Aftershock
 1 Afterlife
 1 Afflicted Deserter
 1 Aether Spellbomb
 1 Aether Membrane
 1 Advantageous Proclamation
 1 Adamaro, First to Desire
 1 Ach! Hans, Run!
 1 Accorder Paladin
 1 Academy Elite
 1 Abyssal Hunter
 1 Abrupt Decay
